tm._add: /kejia/joint_states, sensor_msgs/JointState, sub
master.registerSubscriber(/we_python_sm_28373_1605581870383, /kejia/joint_states, sensor_msgs/JointState, http://gw-N8xEJEK:46473/)
tm._add: /gazebo/model_states, gazebo_msgs/ModelStates, sub
master.registerSubscriber(/we_python_sm_28373_1605581870383, /gazebo/model_states, gazebo_msgs/ModelStates, http://gw-N8xEJEK:46473/)
tm._add: /odom, nav_msgs/Odometry, sub
master.registerSubscriber(/we_python_sm_28373_1605581870383, /odom, nav_msgs/Odometry, http://gw-N8xEJEK:46473/)
tm._add: /move_base/result, move_base_msgs/MoveBaseActionResult, sub
master.registerSubscriber(/we_python_sm_28373_1605581870383, /move_base/result, move_base_msgs/MoveBaseActionResult, http://gw-N8xEJEK:46473/)
tm._add: /tf, tf2_msgs/TFMessage, sub
master.registerSubscriber(/we_python_sm_28373_1605581870383, /tf, tf2_msgs/TFMessage, http://gw-N8xEJEK:46473/)
tm._add: /tf_static, tf2_msgs/TFMessage, sub
master.registerSubscriber(/we_python_sm_28373_1605581870383, /tf_static, tf2_msgs/TFMessage, http://gw-N8xEJEK:46473/)
tm._add: /task_planner/cmd, std_msgs/String, pub
master.registerPublisher(/we_python_sm_28373_1605581870383, /task_planner/cmd, std_msgs/String, http://gw-N8xEJEK:46473/)
tm._add: /hri/robot_response, std_msgs/String, pub
master.registerPublisher(/we_python_sm_28373_1605581870383, /hri/robot_response, std_msgs/String, http://gw-N8xEJEK:46473/)
tm._add: /executor/action, std_msgs/String, sub
master.registerSubscriber(/we_python_sm_28373_1605581870383, /executor/action, std_msgs/String, http://gw-N8xEJEK:46473/)
connect[/tf_static]: calling requestTopic(/we_python_sm_28373_1605581870383, /tf_static, [['TCPROS']])
connect[/tf]: calling requestTopic(/we_python_sm_28373_1605581870383, /tf, [['TCPROS']])
connect[/tf]: calling requestTopic(/we_python_sm_28373_1605581870383, /tf, [['TCPROS']])
connect[/tf]: calling requestTopic(/we_python_sm_28373_1605581870383, /tf, [['TCPROS']])
connect[/tf_static]: requestTopic returned protocol list ['TCPROS', 'gw-N8xEJEK', 42631]
connect[/tf]: requestTopic returned protocol list ['TCPROS', 'gw-N8xEJEK', 42631]
connect[/move_base/result]: calling requestTopic(/we_python_sm_28373_1605581870383, /move_base/result, [['TCPROS']])
connect[/tf]: requestTopic returned protocol list ['TCPROS', 'gw-N8xEJEK', 57203]
topic[/tf_static] adding connection to [http://gw-N8xEJEK:38261/], count 0
connect[/odom]: calling requestTopic(/we_python_sm_28373_1605581870383, /odom, [['TCPROS']])
connect[/gazebo/model_states]: calling requestTopic(/we_python_sm_28373_1605581870383, /gazebo/model_states, [['TCPROS']])
connect[/tf]: requestTopic returned protocol list ['TCPROS', 'gw-N8xEJEK', 58083]
topic[/tf] adding connection to [http://gw-N8xEJEK:45769/], count 0
requestTopic('/move_base_node', '/move_base/goal', [['TCPROS']])
connect[/move_base/result]: requestTopic returned protocol list ['TCPROS', 'gw-N8xEJEK', 41773]
topic[/tf] adding connection to [http://gw-N8xEJEK:38261/], count 0
connect[/odom]: requestTopic returned protocol list ['TCPROS', 'gw-N8xEJEK', 58083]
topic[/tf] adding connection to [http://gw-N8xEJEK:39107/], count 0
connect[/gazebo/model_states]: requestTopic returned protocol list ['TCPROS', 'gw-N8xEJEK', 58083]
requestTopic[/move_base/goal]: choosing protocol TCPROS
topic[/move_base/result] adding connection to [http://gw-N8xEJEK:45213/], count 0
connect[/kejia/joint_states]: calling requestTopic(/we_python_sm_28373_1605581870383, /kejia/joint_states, [['TCPROS']])
connecting to gw-N8xEJEK 42631
topic[/odom] adding connection to [http://gw-N8xEJEK:39107/], count 0
connecting to gw-N8xEJEK 57203
topic[/gazebo/model_states] adding connection to [http://gw-N8xEJEK:39107/], count 0
requestTopic('/move_base_node', '/move_base/goal', [['TCPROS']]) returns (1, 'ready on gw-N8xEJEK:38933', ['TCPROS', 'gw-N8xEJEK', 38933])
connect[/clock]: calling requestTopic(/we_python_sm_28373_1605581870383, /clock, [['TCPROS']])
[/tf_static]: writing header
connecting to gw-N8xEJEK 42631
connect[/kejia/joint_states]: requestTopic returned protocol list ['TCPROS', 'gw-N8xEJEK', 58083]
connecting to gw-N8xEJEK 58083
[/tf]: writing header
connecting to gw-N8xEJEK 41773
connecting to gw-N8xEJEK 58083
receive_loop for [/tf_static]
connect[/clock]: requestTopic returned protocol list ['TCPROS', 'gw-N8xEJEK', 58083]
connecting to gw-N8xEJEK 58083
[/tf]: writing header
topic[/kejia/joint_states] adding connection to [http://gw-N8xEJEK:39107/], count 0
[/tf]: writing header
receive_loop for [/tf]
[/move_base/result]: writing header
topic[/clock] adding connection to [http://gw-N8xEJEK:39107/], count 0
[/odom]: writing header
[/gazebo/model_states]: writing header
receive_loop for [/tf]
receive_loop for [/tf]
connecting to gw-N8xEJEK 58083
connecting to gw-N8xEJEK 58083
receive_loop for [/odom]
receive_loop for [/gazebo/model_states]
[/kejia/joint_states]: writing header
[/clock]: writing header
receive_loop for [/kejia/joint_states]
receive_loop for [/clock]
receive_loop for [/move_base/result]
requestTopic('/gazebo', '/kejia/wr_position_controller/command', [['TCPROS']])
requestTopic('/gazebo', '/kejia/tilt_position_controller/command', [['TCPROS']])
requestTopic('/gazebo', '/kejia/sz_position_controller/command', [['TCPROS']])
requestTopic('/gazebo', '/kejia/pan_position_controller/command', [['TCPROS']])
requestTopic('/gazebo', '/kejia/sy3_position_controller/command', [['TCPROS']])
requestTopic('/gazebo', '/kejia/ev_position_controller/command', [['TCPROS']])
requestTopic('/gazebo', '/cmd_vel', [['TCPROS']])
requestTopic('/gazebo', '/kejia/lf_position_controller/command', [['TCPROS']])
[/move_base/goal]: writing header
requestTopic('/gazebo', '/kejia/sy2_position_controller/command', [['TCPROS']])
requestTopic[/kejia/wr_position_controller/command]: choosing protocol TCPROS
requestTopic[/kejia/tilt_position_controller/command]: choosing protocol TCPROS
requestTopic[/kejia/sz_position_controller/command]: choosing protocol TCPROS
requestTopic[/kejia/pan_position_controller/command]: choosing protocol TCPROS
requestTopic[/kejia/sy3_position_controller/command]: choosing protocol TCPROS
requestTopic[/kejia/ev_position_controller/command]: choosing protocol TCPROS
requestTopic('/gazebo', '/kejia/ev_position_controller/command', [['TCPROS']]) returns (1, 'ready on gw-N8xEJEK:38933', ['TCPROS', 'gw-N8xEJEK', 38933])
requestTopic[/kejia/lf_position_controller/command]: choosing protocol TCPROS
topic[/move_base/goal] adding connection to [/move_base_node], count 0
requestTopic[/kejia/sy2_position_controller/command]: choosing protocol TCPROS
requestTopic('/gazebo', '/kejia/wr_position_controller/command', [['TCPROS']]) returns (1, 'ready on gw-N8xEJEK:38933', ['TCPROS', 'gw-N8xEJEK', 38933])
requestTopic('/gazebo', '/kejia/tilt_position_controller/command', [['TCPROS']]) returns (1, 'ready on gw-N8xEJEK:38933', ['TCPROS', 'gw-N8xEJEK', 38933])
requestTopic('/gazebo', '/kejia/sz_position_controller/command', [['TCPROS']]) returns (1, 'ready on gw-N8xEJEK:38933', ['TCPROS', 'gw-N8xEJEK', 38933])
requestTopic('/gazebo', '/kejia/pan_position_controller/command', [['TCPROS']]) returns (1, 'ready on gw-N8xEJEK:38933', ['TCPROS', 'gw-N8xEJEK', 38933])
requestTopic('/gazebo', '/kejia/sy3_position_controller/command', [['TCPROS']]) returns (1, 'ready on gw-N8xEJEK:38933', ['TCPROS', 'gw-N8xEJEK', 38933])
requestTopic[/cmd_vel]: choosing protocol TCPROS
requestTopic('/gazebo', '/kejia/lf_position_controller/command', [['TCPROS']]) returns (1, 'ready on gw-N8xEJEK:38933', ['TCPROS', 'gw-N8xEJEK', 38933])
requestTopic('/gazebo', '/kejia/sy2_position_controller/command', [['TCPROS']]) returns (1, 'ready on gw-N8xEJEK:38933', ['TCPROS', 'gw-N8xEJEK', 38933])
[/kejia/sy1_position_controller/command]: writing header
requestTopic('/gazebo', '/cmd_vel', [['TCPROS']]) returns (1, 'ready on gw-N8xEJEK:38933', ['TCPROS', 'gw-N8xEJEK', 38933])
topic[/kejia/sy1_position_controller/command] adding connection to [/gazebo], count 0
[/kejia/rf_position_controller/command]: writing header
topic[/kejia/rf_position_controller/command] adding connection to [/gazebo], count 0
requestTopic('/rosout', '/rosout', [['TCPROS']])
requestTopic[/rosout]: choosing protocol TCPROS
requestTopic('/rosout', '/rosout', [['TCPROS']]) returns (1, 'ready on gw-N8xEJEK:38933', ['TCPROS', 'gw-N8xEJEK', 38933])
[/kejia/pan_position_controller/command]: writing header
topic[/kejia/pan_position_controller/command] adding connection to [/gazebo], count 0
[/cmd_vel]: writing header
topic[/cmd_vel] adding connection to [/gazebo], count 0
[/kejia/lf_position_controller/command]: writing header
topic[/kejia/lf_position_controller/command] adding connection to [/gazebo], count 0
[/kejia/sz_position_controller/command]: writing header
topic[/kejia/sz_position_controller/command] adding connection to [/gazebo], count 0
[/kejia/sy3_position_controller/command]: writing header
topic[/kejia/sy3_position_controller/command] adding connection to [/gazebo], count 0
[/kejia/sy2_position_controller/command]: writing header
topic[/kejia/sy2_position_controller/command] adding connection to [/gazebo], count 0
[/kejia/wr_position_controller/command]: writing header
topic[/kejia/wr_position_controller/command] adding connection to [/gazebo], count 0
[/rosout]: writing header
topic[/rosout] adding connection to [/rosout], count 0

->executor(1):init(2)
node[/we_python_sm_28373_1605581870383, http://gw-N8xEJEK:46473/] entering spin(), pid[28373]
->executor(2):init(3)
->executor(3):init(4)
->executor(4):init(5)
->executor(5):init(6)
->executor(6):init(7)
->executor(7):init(8)
[/kejia/tilt_position_controller/command]: writing header
topic[/kejia/tilt_position_controller/command] adding connection to [/gazebo], count 0
[/kejia/ev_position_controller/command]: writing header
topic[/kejia/ev_position_controller/command] adding connection to [/gazebo], count 0
->executor(8):init(9)
->executor(9):init(10)
->executor(10):init(11)
->executor(11):init(12)
->executor(12):init(13)
->executor(13):init(14)
->executor(14):init(15)
->executor(15):init(16)
->executor(16):init(17)
->executor(17):init(18)
->executor(18):init(19)
move arm [90.000 0.000 150.000 30.000 0.000]
->executor(19):wait_action(0)
->executor(20):wait_action(1)
->executor(21):wait_action(2)
->executor(22):wait_action(3)
->executor(23):wait_action(4)
->executor(24):wait_action(5)
->executor(25):wait_action(6)
->executor(26):wait_action(7)
->executor(27):wait_action(8)
->executor(28):wait_action(9)
->executor(29):wait_action(10)
requestTopic('/task_planner_28451_1605581874072', '/task_planner/cmd', [['TCPROS']])
requestTopic[/task_planner/cmd]: choosing protocol TCPROS
publisherUpdate('/master', '/executor/action', ['http://gw-N8xEJEK:34321/'])
requestTopic('/task_planner_28451_1605581874072', '/task_planner/cmd', [['TCPROS']]) returns (1, 'ready on gw-N8xEJEK:38933', ['TCPROS', 'gw-N8xEJEK', 38933])
publisherUpdate('/master', '/executor/action', ['http://gw-N8xEJEK:34321/']) returns (1, '', 0)
[/task_planner/cmd]: writing header
topic[/task_planner/cmd] adding connection to [/task_planner_28451_1605581874072], count 0
connect[/executor/action]: calling requestTopic(/we_python_sm_28373_1605581870383, /executor/action, [['TCPROS']])
connect[/executor/action]: requestTopic returned protocol list ['TCPROS', 'gw-N8xEJEK', 39697]
topic[/executor/action] adding connection to [http://gw-N8xEJEK:34321/], count 0
connecting to gw-N8xEJEK 39697
[/executor/action]: writing header
receive_loop for [/executor/action]
->executor(30):wait_action(11)
->executor(31):wait_action(12)
->executor(32):wait_action(13)
->executor(33):wait_action(14)
->executor(34):wait_action(15)
->executor(35):wait_action(16)
->executor(36):wait_action(17)
->executor(37):wait_action(18)
->executor(38):wait_action(19)
->executor(39):wait_action(20)
->executor(40):wait_action(21)
->executor(41):wait_action(22)
->executor(42):wait_action(23)
->executor(43):wait_action(24)
->executor(44):wait_action(25)
->executor(45):wait_action(26)
->executor(46):wait_action(27)
->executor(47):wait_action(28)
->executor(48):wait_action(29)
->executor(49):wait_action(30)
->executor(50):wait_action(31)
->executor(51):wait_action(32)
->executor(52):wait_action(33)
->executor(53):wait_action(34)
->executor(54):wait_action(35)
->executor(55):wait_action(36)
->executor(56):wait_action(37)
executor action: {"action": "moveIn(corridor1,study,study_corridor1)", "obj": null}
->executor(57):executing(0)
->executor(58):executing(1)
->executor(59):executing(2)->action_movein(1):goa(0)
a study:study_corridor1 [4.425 -1.675 1.571]
->executor(60):executing(3)->action_movein(2):goa(1)
[4.425, -1.675, 1.5707963267948966]
->executor(61):executing(4)->action_movein(3):goa(2)
->executor(62):executing(5)->action_movein(4):goa(3)->slam_move(1):check(0)
->executor(63):executing(6)->action_movein(5):goa(4)->slam_move(2):check(1)
->executor(64):executing(7)->action_movein(6):goa(5)->slam_move(3):check(2)
->executor(65):executing(8)->action_movein(7):goa(6)->slam_move(4):check(3)
->executor(66):executing(9)->action_movein(8):goa(7)->slam_move(5):check(4)
->executor(67):executing(10)->action_movein(9):goa(8)->slam_move(6):check(5)
->executor(68):executing(11)->action_movein(10):goa(9)->slam_move(7):check(6)
->executor(69):executing(12)->action_movein(11):goa(10)->slam_move(8):check(7)
->executor(70):executing(13)->action_movein(12):goa(11)->slam_move(9):check(8)
->executor(71):executing(14)->action_movein(13):goa(12)->slam_move(10):check(9)
->executor(72):executing(15)->action_movein(14):goa(13)->slam_move(11):check(10)
->executor(73):executing(16)->action_movein(15):goa(14)->slam_move(12):check(11)
->executor(74):executing(17)->action_movein(16):goa(15)->slam_move(13):check(12)
->executor(75):executing(18)->action_movein(17):goa(16)->slam_move(14):check(13)
->executor(76):executing(19)->action_movein(18):goa(17)->slam_move(15):check(14)
->executor(77):executing(20)->action_movein(19):goa(18)->slam_move(16):check(15)
->executor(78):executing(21)->action_movein(20):goa(19)->slam_move(17):check(16)
->executor(79):executing(22)->action_movein(21):goa(20)->slam_move(18):check(17)
->executor(80):executing(23)->action_movein(22):goa(21)->slam_move(19):check(18)
->executor(81):executing(24)->action_movein(23):goa(22)->slam_move(20):check(19)
->executor(82):executing(25)->action_movein(24):goa(23)->slam_move(21):check(20)
->executor(83):executing(26)->action_movein(25):goa(24)->slam_move(22):check(21)
->executor(84):executing(27)->action_movein(26):goa(25)->slam_move(23):check(22)
->executor(85):executing(28)->action_movein(27):goa(26)->slam_move(24):check(23)
->executor(86):executing(29)->action_movein(28):goa(27)->slam_move(25):check(24)
->executor(87):executing(30)->action_movein(29):goa(28)->slam_move(26):check(25)
->executor(88):executing(31)->action_movein(30):goa(29)->slam_move(27):check(26)
->executor(89):executing(32)->action_movein(31):goa(30)->slam_move(28):check(27)
->executor(90):executing(33)->action_movein(32):goa(31)->slam_move(29):check(28)
->executor(91):executing(34)->action_movein(33):goa(32)->slam_move(30):check(29)
->executor(92):executing(35)->action_movein(34):goa(33)->slam_move(31):check(30)
->executor(93):executing(36)->action_movein(35):goa(34)->slam_move(32):check(31)
->executor(94):executing(37)->action_movein(36):goa(35)->slam_move(33):check(32)
->executor(95):executing(38)->action_movein(37):goa(36)->slam_move(34):check(33)
->executor(96):executing(39)->action_movein(38):goa(37)->slam_move(35):check(34)
->executor(97):executing(40)->action_movein(39):goa(38)->slam_move(36):check(35)
->executor(98):executing(41)->action_movein(40):goa(39)->slam_move(37):check(36)
->executor(99):executing(42)->action_movein(41):goa(40)->slam_move(38):check(37)
->executor(100):executing(43)->action_movein(42):goa(41)->slam_move(39):check(38)
->executor(101):executing(44)->action_movein(43):goa(42)->slam_move(40):check(39)
->executor(102):executing(45)->action_movein(44):goa(43)->slam_move(41):check(40)
->executor(103):executing(46)->action_movein(45):goa(44)->slam_move(42):check(41)
->executor(104):executing(47)->action_movein(46):goa(45)->slam_move(43):check(42)
->executor(105):executing(48)->action_movein(47):goa(46)->slam_move(44):check(43)
->executor(106):executing(49)->action_movein(48):goa(47)->slam_move(45):check(44)
->executor(107):executing(50)->action_movein(49):goa(48)->slam_move(46):check(45)
->executor(108):executing(51)->action_movein(50):goa(49)->slam_move(47):check(46)
->executor(109):executing(52)->action_movein(51):goa(50)->slam_move(48):check(47)
->executor(110):executing(53)->action_movein(52):goa(51)->slam_move(49):check(48)
->executor(111):executing(54)->action_movein(53):goa(52)->slam_move(50):check(49)
->executor(112):executing(55)->action_movein(54):goa(53)->slam_move(51):check(50)
->executor(113):executing(56)->action_movein(55):goa(54)->slam_move(52):check(51)
->executor(114):executing(57)->action_movein(56):goa(55)->slam_move(53):check(52)
->executor(115):executing(58)->action_movein(57):goa(56)->slam_move(54):check(53)
->executor(116):executing(59)->action_movein(58):goa(57)->slam_move(55):check(54)
->executor(117):executing(60)->action_movein(59):goa(58)->slam_move(56):check(55)
->executor(118):executing(61)->action_movein(60):goa(59)->slam_move(57):check(56)
->executor(119):executing(62)->action_movein(61):goa(60)->slam_move(58):check(57)
->executor(120):executing(63)->action_movein(62):goa(61)->slam_move(59):check(58)
->executor(121):executing(64)->action_movein(63):goa(62)->slam_move(60):check(59)
->executor(122):executing(65)->action_movein(64):goa(63)->slam_move(61):check(60)
->executor(123):executing(66)->action_movein(65):goa(64)->slam_move(62):check(61)
->executor(124):executing(67)->action_movein(66):goa(65)->slam_move(63):check(62)
->executor(125):executing(68)->action_movein(67):goa(66)->slam_move(64):check(63)
->executor(126):executing(69)->action_movein(68):goa(67)->slam_move(65):check(64)
->executor(127):executing(70)->action_movein(69):goa(68)->slam_move(66):check(65)
->executor(128):executing(71)->action_movein(70):goa(69)->slam_move(67):check(66)
->executor(129):executing(72)->action_movein(71):goa(70)->slam_move(68):check(67)
->executor(130):executing(73)->action_movein(72):goa(71)->slam_move(69):check(68)
->executor(131):executing(74)->action_movein(73):goa(72)->slam_move(70):check(69)
->executor(132):executing(75)->action_movein(74):goa(73)->slam_move(71):check(70)
->executor(133):executing(76)->action_movein(75):goa(74)->slam_move(72):check(71)
->executor(134):executing(77)->action_movein(76):goa(75)->slam_move(73):check(72)
->executor(135):executing(78)->action_movein(77):goa(76)->slam_move(74):check(73)
->executor(136):executing(79)->action_movein(78):goa(77)->slam_move(75):check(74)
->executor(137):executing(80)->action_movein(79):goa(78)->slam_move(76):check(75)
->executor(138):executing(81)->action_movein(80):goa(79)->slam_move(77):check(76)
->executor(139):executing(82)->action_movein(81):goa(80)->slam_move(78):check(77)
->executor(140):executing(83)->action_movein(82):goa(81)->slam_move(79):check(78)
->executor(141):executing(84)->action_movein(83):goa(82)->slam_move(80):check(79)
->executor(142):executing(85)->action_movein(84):goa(83)->slam_move(81):check(80)
->executor(143):executing(86)->action_movein(85):goa(84)->slam_move(82):check(81)
->executor(144):executing(87)->action_movein(86):goa(85)->slam_move(83):check(82)
->executor(145):executing(88)->action_movein(87):goa(86)->slam_move(84):check(83)
->executor(146):executing(89)->action_movein(88):goa(87)->slam_move(85):check(84)
->executor(147):executing(90)->action_movein(89):goa(88)->slam_move(86):check(85)
->executor(148):executing(91)->action_movein(90):goa(89)->slam_move(87):check(86)
Goal reached.
->executor(149):executing(92)->action_movein(91):goa(90)->slam_move(88):finish(0)
->executor(150):executing(93)->action_movein(92):gob(0)->slam_move(88):finish(0)
b study:study_corridor1 [0.608 0.037 1.571]
->executor(151):executing(94)->action_movein(93):gob(1)
->executor(152):executing(95)->action_movein(94):gob(2)
->executor(153):executing(96)->action_movein(95):gob(3)->rob_go_dist(1):godest(1)
->executor(154):executing(97)->action_movein(96):gob(4)->rob_go_dist(2):godest(2)
->executor(155):executing(98)->action_movein(97):gob(5)->rob_go_dist(3):godest(3)
->executor(156):executing(99)->action_movein(98):gob(6)->rob_go_dist(4):godest(4)
->executor(157):executing(100)->action_movein(99):gob(7)->rob_go_dist(5):godest(5)
->executor(158):executing(101)->action_movein(100):gob(8)->rob_go_dist(6):godest(6)
->executor(159):executing(102)->action_movein(101):gob(9)->rob_go_dist(7):godest(7)
->executor(160):executing(103)->action_movein(102):gob(10)->rob_go_dist(8):godest(8)
->executor(161):executing(104)->action_movein(103):gob(11)->rob_go_dist(9):godest(9)
->executor(162):executing(105)->action_movein(104):gob(12)->rob_go_dist(10):godest(10)
->executor(163):executing(106)->action_movein(105):gob(13)->rob_go_dist(11):godest(11)
->executor(164):executing(107)->action_movein(106):gob(14)->rob_go_dist(12):godest(12)
->executor(165):executing(108)->action_movein(107):gob(15)->rob_go_dist(13):godest(13)
->executor(166):executing(109)->action_movein(108):gob(16)->rob_go_dist(14):godest(14)
->executor(167):executing(110)->action_movein(109):gob(17)->rob_go_dist(15):godest(15)
->executor(168):executing(111)->action_movein(110):gob(18)->rob_go_dist(16):godest(16)
->executor(169):executing(112)->action_movein(111):gob(19)->rob_go_dist(17):godest(17)
->executor(170):executing(113)->action_movein(112):gob(20)->rob_go_dist(18):godest(18)
->executor(171):executing(114)->action_movein(113):gob(21)->rob_go_dist(19):godest(19)
->executor(172):executing(115)->action_movein(114):gob(22)->rob_go_dist(20):godest(20)
->executor(173):executing(116)->action_movein(115):gob(23)->rob_go_dist(21):godest(21)
->executor(174):executing(117)->action_movein(116):gob(24)->rob_go_dist(22):godest(22)
->executor(175):executing(118)->action_movein(117):gob(25)->rob_go_dist(23):godest(23)
->executor(176):executing(119)->action_movein(118):gob(26)->rob_go_dist(24):godest(24)
->executor(177):executing(120)->action_movein(119):gob(27)->rob_go_dist(25):stop(0)
->executor(178):executing(121)->action_movein(120):gob(28)->rob_go_dist(26):finish(0)
->executor(179):executing(122)->action_movein(121):finish(0)->rob_go_dist(26):finish(0)
->executor(180):result(0)->action_movein(121):finish(0)
action execution result: success
->executor(181):wait_action(0)
executor action: {"action": "moveIn(living_room,corridor1,living_room_corridor1)", "obj": null}
->executor(182):executing(0)
->executor(183):executing(1)
->executor(184):executing(2)->action_movein(1):goa(0)
a corridor1:living_room_corridor1 [2.825 -0.600 -3.142]
->executor(185):executing(3)->action_movein(2):goa(1)
[2.825, -0.6, -3.141592653589793]
->executor(186):executing(4)->action_movein(3):goa(2)
->executor(187):executing(5)->action_movein(4):goa(3)->slam_move(1):check(0)
->executor(188):executing(6)->action_movein(5):goa(4)->slam_move(2):check(1)
->executor(189):executing(7)->action_movein(6):goa(5)->slam_move(3):check(2)
->executor(190):executing(8)->action_movein(7):goa(6)->slam_move(4):check(3)
->executor(191):executing(9)->action_movein(8):goa(7)->slam_move(5):check(4)
->executor(192):executing(10)->action_movein(9):goa(8)->slam_move(6):check(5)
->executor(193):executing(11)->action_movein(10):goa(9)->slam_move(7):check(6)
->executor(194):executing(12)->action_movein(11):goa(10)->slam_move(8):check(7)
->executor(195):executing(13)->action_movein(12):goa(11)->slam_move(9):check(8)
->executor(196):executing(14)->action_movein(13):goa(12)->slam_move(10):check(9)
->executor(197):executing(15)->action_movein(14):goa(13)->slam_move(11):check(10)
->executor(198):executing(16)->action_movein(15):goa(14)->slam_move(12):check(11)
->executor(199):executing(17)->action_movein(16):goa(15)->slam_move(13):check(12)
->executor(200):executing(18)->action_movein(17):goa(16)->slam_move(14):check(13)
->executor(201):executing(19)->action_movein(18):goa(17)->slam_move(15):check(14)
->executor(202):executing(20)->action_movein(19):goa(18)->slam_move(16):check(15)
->executor(203):executing(21)->action_movein(20):goa(19)->slam_move(17):check(16)
->executor(204):executing(22)->action_movein(21):goa(20)->slam_move(18):check(17)
->executor(205):executing(23)->action_movein(22):goa(21)->slam_move(19):check(18)
->executor(206):executing(24)->action_movein(23):goa(22)->slam_move(20):check(19)
->executor(207):executing(25)->action_movein(24):goa(23)->slam_move(21):check(20)
->executor(208):executing(26)->action_movein(25):goa(24)->slam_move(22):check(21)
->executor(209):executing(27)->action_movein(26):goa(25)->slam_move(23):check(22)
->executor(210):executing(28)->action_movein(27):goa(26)->slam_move(24):check(23)
->executor(211):executing(29)->action_movein(28):goa(27)->slam_move(25):check(24)
->executor(212):executing(30)->action_movein(29):goa(28)->slam_move(26):check(25)
->executor(213):executing(31)->action_movein(30):goa(29)->slam_move(27):check(26)
->executor(214):executing(32)->action_movein(31):goa(30)->slam_move(28):check(27)
->executor(215):executing(33)->action_movein(32):goa(31)->slam_move(29):check(28)
->executor(216):executing(34)->action_movein(33):goa(32)->slam_move(30):check(29)
->executor(217):executing(35)->action_movein(34):goa(33)->slam_move(31):check(30)
->executor(218):executing(36)->action_movein(35):goa(34)->slam_move(32):check(31)
->executor(219):executing(37)->action_movein(36):goa(35)->slam_move(33):check(32)
->executor(220):executing(38)->action_movein(37):goa(36)->slam_move(34):check(33)
->executor(221):executing(39)->action_movein(38):goa(37)->slam_move(35):check(34)
->executor(222):executing(40)->action_movein(39):goa(38)->slam_move(36):check(35)
->executor(223):executing(41)->action_movein(40):goa(39)->slam_move(37):check(36)
->executor(224):executing(42)->action_movein(41):goa(40)->slam_move(38):check(37)
->executor(225):executing(43)->action_movein(42):goa(41)->slam_move(39):check(38)
->executor(226):executing(44)->action_movein(43):goa(42)->slam_move(40):check(39)
->executor(227):executing(45)->action_movein(44):goa(43)->slam_move(41):check(40)
->executor(228):executing(46)->action_movein(45):goa(44)->slam_move(42):check(41)
->executor(229):executing(47)->action_movein(46):goa(45)->slam_move(43):check(42)
->executor(230):executing(48)->action_movein(47):goa(46)->slam_move(44):check(43)
->executor(231):executing(49)->action_movein(48):goa(47)->slam_move(45):check(44)
->executor(232):executing(50)->action_movein(49):goa(48)->slam_move(46):check(45)
->executor(233):executing(51)->action_movein(50):goa(49)->slam_move(47):check(46)
->executor(234):executing(52)->action_movein(51):goa(50)->slam_move(48):check(47)
->executor(235):executing(53)->action_movein(52):goa(51)->slam_move(49):check(48)
->executor(236):executing(54)->action_movein(53):goa(52)->slam_move(50):check(49)
->executor(237):executing(55)->action_movein(54):goa(53)->slam_move(51):check(50)
->executor(238):executing(56)->action_movein(55):goa(54)->slam_move(52):check(51)
->executor(239):executing(57)->action_movein(56):goa(55)->slam_move(53):check(52)
->executor(240):executing(58)->action_movein(57):goa(56)->slam_move(54):check(53)
->executor(241):executing(59)->action_movein(58):goa(57)->slam_move(55):check(54)
->executor(242):executing(60)->action_movein(59):goa(58)->slam_move(56):check(55)
->executor(243):executing(61)->action_movein(60):goa(59)->slam_move(57):check(56)
->executor(244):executing(62)->action_movein(61):goa(60)->slam_move(58):check(57)
->executor(245):executing(63)->action_movein(62):goa(61)->slam_move(59):check(58)
->executor(246):executing(64)->action_movein(63):goa(62)->slam_move(60):check(59)
->executor(247):executing(65)->action_movein(64):goa(63)->slam_move(61):check(60)
->executor(248):executing(66)->action_movein(65):goa(64)->slam_move(62):check(61)
->executor(249):executing(67)->action_movein(66):goa(65)->slam_move(63):check(62)
->executor(250):executing(68)->action_movein(67):goa(66)->slam_move(64):check(63)
->executor(251):executing(69)->action_movein(68):goa(67)->slam_move(65):check(64)
->executor(252):executing(70)->action_movein(69):goa(68)->slam_move(66):check(65)
->executor(253):executing(71)->action_movein(70):goa(69)->slam_move(67):check(66)
->executor(254):executing(72)->action_movein(71):goa(70)->slam_move(68):check(67)
->executor(255):executing(73)->action_movein(72):goa(71)->slam_move(69):check(68)
->executor(256):executing(74)->action_movein(73):goa(72)->slam_move(70):check(69)
->executor(257):executing(75)->action_movein(74):goa(73)->slam_move(71):check(70)
->executor(258):executing(76)->action_movein(75):goa(74)->slam_move(72):check(71)
->executor(259):executing(77)->action_movein(76):goa(75)->slam_move(73):check(72)
->executor(260):executing(78)->action_movein(77):goa(76)->slam_move(74):check(73)
->executor(261):executing(79)->action_movein(78):goa(77)->slam_move(75):check(74)
->executor(262):executing(80)->action_movein(79):goa(78)->slam_move(76):check(75)
->executor(263):executing(81)->action_movein(80):goa(79)->slam_move(77):check(76)
->executor(264):executing(82)->action_movein(81):goa(80)->slam_move(78):check(77)
->executor(265):executing(83)->action_movein(82):goa(81)->slam_move(79):check(78)
->executor(266):executing(84)->action_movein(83):goa(82)->slam_move(80):check(79)
->executor(267):executing(85)->action_movein(84):goa(83)->slam_move(81):check(80)
->executor(268):executing(86)->action_movein(85):goa(84)->slam_move(82):check(81)
->executor(269):executing(87)->action_movein(86):goa(85)->slam_move(83):check(82)
->executor(270):executing(88)->action_movein(87):goa(86)->slam_move(84):check(83)
->executor(271):executing(89)->action_movein(88):goa(87)->slam_move(85):check(84)
->executor(272):executing(90)->action_movein(89):goa(88)->slam_move(86):check(85)
->executor(273):executing(91)->action_movein(90):goa(89)->slam_move(87):check(86)
->executor(274):executing(92)->action_movein(91):goa(90)->slam_move(88):check(87)
->executor(275):executing(93)->action_movein(92):goa(91)->slam_move(89):check(88)
Goal reached.
->executor(276):executing(94)->action_movein(93):goa(92)->slam_move(90):finish(0)
->executor(277):executing(95)->action_movein(94):gob(0)->slam_move(90):finish(0)
b corridor1:living_room_corridor1 [0.559 0.036 -3.142]
->executor(278):executing(96)->action_movein(95):gob(1)
->executor(279):executing(97)->action_movein(96):gob(2)
->executor(280):executing(98)->action_movein(97):gob(3)->rob_go_dist(1):godest(1)
->executor(281):executing(99)->action_movein(98):gob(4)->rob_go_dist(2):godest(2)
->executor(282):executing(100)->action_movein(99):gob(5)->rob_go_dist(3):godest(3)
->executor(283):executing(101)->action_movein(100):gob(6)->rob_go_dist(4):godest(4)
->executor(284):executing(102)->action_movein(101):gob(7)->rob_go_dist(5):godest(5)
->executor(285):executing(103)->action_movein(102):gob(8)->rob_go_dist(6):godest(6)
->executor(286):executing(104)->action_movein(103):gob(9)->rob_go_dist(7):godest(7)
->executor(287):executing(105)->action_movein(104):gob(10)->rob_go_dist(8):godest(8)
->executor(288):executing(106)->action_movein(105):gob(11)->rob_go_dist(9):godest(9)
->executor(289):executing(107)->action_movein(106):gob(12)->rob_go_dist(10):godest(10)
->executor(290):executing(108)->action_movein(107):gob(13)->rob_go_dist(11):godest(11)
->executor(291):executing(109)->action_movein(108):gob(14)->rob_go_dist(12):godest(12)
->executor(292):executing(110)->action_movein(109):gob(15)->rob_go_dist(13):godest(13)
->executor(293):executing(111)->action_movein(110):gob(16)->rob_go_dist(14):godest(14)
->executor(294):executing(112)->action_movein(111):gob(17)->rob_go_dist(15):godest(15)
->executor(295):executing(113)->action_movein(112):gob(18)->rob_go_dist(16):godest(16)
->executor(296):executing(114)->action_movein(113):gob(19)->rob_go_dist(17):godest(17)
->executor(297):executing(115)->action_movein(114):gob(20)->rob_go_dist(18):godest(18)
->executor(298):executing(116)->action_movein(115):gob(21)->rob_go_dist(19):godest(19)
->executor(299):executing(117)->action_movein(116):gob(22)->rob_go_dist(20):godest(20)
->executor(300):executing(118)->action_movein(117):gob(23)->rob_go_dist(21):godest(21)
->executor(301):executing(119)->action_movein(118):gob(24)->rob_go_dist(22):godest(22)
->executor(302):executing(120)->action_movein(119):gob(25)->rob_go_dist(23):godest(23)
->executor(303):executing(121)->action_movein(120):gob(26)->rob_go_dist(24):godest(24)
->executor(304):executing(122)->action_movein(121):gob(27)->rob_go_dist(25):stop(0)
->executor(305):executing(123)->action_movein(122):gob(28)->rob_go_dist(26):finish(0)
->executor(306):executing(124)->action_movein(123):finish(0)->rob_go_dist(26):finish(0)
->executor(307):result(0)->action_movein(123):finish(0)
action execution result: success
->executor(308):wait_action(0)
executor action: {"action": "moveIn(kitchen,living_room,living_room_kitchen)", "obj": null}
->executor(309):executing(0)
->executor(310):executing(1)
->executor(311):executing(2)->action_movein(1):goa(0)
a living_room:living_room_kitchen [-5.175 1.425 -3.142]
->executor(312):executing(3)->action_movein(2):goa(1)
[-5.175, 1.4249999999999998, -3.141592653589793]
->executor(313):executing(4)->action_movein(3):goa(2)
->executor(314):executing(5)->action_movein(4):goa(3)->slam_move(1):check(0)
->executor(315):executing(6)->action_movein(5):goa(4)->slam_move(2):check(1)
->executor(316):executing(7)->action_movein(6):goa(5)->slam_move(3):check(2)
->executor(317):executing(8)->action_movein(7):goa(6)->slam_move(4):check(3)
->executor(318):executing(9)->action_movein(8):goa(7)->slam_move(5):check(4)
->executor(319):executing(10)->action_movein(9):goa(8)->slam_move(6):check(5)
->executor(320):executing(11)->action_movein(10):goa(9)->slam_move(7):check(6)
->executor(321):executing(12)->action_movein(11):goa(10)->slam_move(8):check(7)
->executor(322):executing(13)->action_movein(12):goa(11)->slam_move(9):check(8)
->executor(323):executing(14)->action_movein(13):goa(12)->slam_move(10):check(9)
->executor(324):executing(15)->action_movein(14):goa(13)->slam_move(11):check(10)
->executor(325):executing(16)->action_movein(15):goa(14)->slam_move(12):check(11)
->executor(326):executing(17)->action_movein(16):goa(15)->slam_move(13):check(12)
->executor(327):executing(18)->action_movein(17):goa(16)->slam_move(14):check(13)
->executor(328):executing(19)->action_movein(18):goa(17)->slam_move(15):check(14)
->executor(329):executing(20)->action_movein(19):goa(18)->slam_move(16):check(15)
->executor(330):executing(21)->action_movein(20):goa(19)->slam_move(17):check(16)
->executor(331):executing(22)->action_movein(21):goa(20)->slam_move(18):check(17)
->executor(332):executing(23)->action_movein(22):goa(21)->slam_move(19):check(18)
->executor(333):executing(24)->action_movein(23):goa(22)->slam_move(20):check(19)
->executor(334):executing(25)->action_movein(24):goa(23)->slam_move(21):check(20)
->executor(335):executing(26)->action_movein(25):goa(24)->slam_move(22):check(21)
->executor(336):executing(27)->action_movein(26):goa(25)->slam_move(23):check(22)
->executor(337):executing(28)->action_movein(27):goa(26)->slam_move(24):check(23)
->executor(338):executing(29)->action_movein(28):goa(27)->slam_move(25):check(24)
->executor(339):executing(30)->action_movein(29):goa(28)->slam_move(26):check(25)
->executor(340):executing(31)->action_movein(30):goa(29)->slam_move(27):check(26)
->executor(341):executing(32)->action_movein(31):goa(30)->slam_move(28):check(27)
->executor(342):executing(33)->action_movein(32):goa(31)->slam_move(29):check(28)
->executor(343):executing(34)->action_movein(33):goa(32)->slam_move(30):check(29)
->executor(344):executing(35)->action_movein(34):goa(33)->slam_move(31):check(30)
->executor(345):executing(36)->action_movein(35):goa(34)->slam_move(32):check(31)
->executor(346):executing(37)->action_movein(36):goa(35)->slam_move(33):check(32)
->executor(347):executing(38)->action_movein(37):goa(36)->slam_move(34):check(33)
->executor(348):executing(39)->action_movein(38):goa(37)->slam_move(35):check(34)
->executor(349):executing(40)->action_movein(39):goa(38)->slam_move(36):check(35)
->executor(350):executing(41)->action_movein(40):goa(39)->slam_move(37):check(36)
->executor(351):executing(42)->action_movein(41):goa(40)->slam_move(38):check(37)
->executor(352):executing(43)->action_movein(42):goa(41)->slam_move(39):check(38)
->executor(353):executing(44)->action_movein(43):goa(42)->slam_move(40):check(39)
->executor(354):executing(45)->action_movein(44):goa(43)->slam_move(41):check(40)
->executor(355):executing(46)->action_movein(45):goa(44)->slam_move(42):check(41)
->executor(356):executing(47)->action_movein(46):goa(45)->slam_move(43):check(42)
->executor(357):executing(48)->action_movein(47):goa(46)->slam_move(44):check(43)
->executor(358):executing(49)->action_movein(48):goa(47)->slam_move(45):check(44)
->executor(359):executing(50)->action_movein(49):goa(48)->slam_move(46):check(45)
->executor(360):executing(51)->action_movein(50):goa(49)->slam_move(47):check(46)
->executor(361):executing(52)->action_movein(51):goa(50)->slam_move(48):check(47)
->executor(362):executing(53)->action_movein(52):goa(51)->slam_move(49):check(48)
->executor(363):executing(54)->action_movein(53):goa(52)->slam_move(50):check(49)
->executor(364):executing(55)->action_movein(54):goa(53)->slam_move(51):check(50)
->executor(365):executing(56)->action_movein(55):goa(54)->slam_move(52):check(51)
->executor(366):executing(57)->action_movein(56):goa(55)->slam_move(53):check(52)
->executor(367):executing(58)->action_movein(57):goa(56)->slam_move(54):check(53)
->executor(368):executing(59)->action_movein(58):goa(57)->slam_move(55):check(54)
->executor(369):executing(60)->action_movein(59):goa(58)->slam_move(56):check(55)
->executor(370):executing(61)->action_movein(60):goa(59)->slam_move(57):check(56)
->executor(371):executing(62)->action_movein(61):goa(60)->slam_move(58):check(57)
->executor(372):executing(63)->action_movein(62):goa(61)->slam_move(59):check(58)
->executor(373):executing(64)->action_movein(63):goa(62)->slam_move(60):check(59)
->executor(374):executing(65)->action_movein(64):goa(63)->slam_move(61):check(60)
->executor(375):executing(66)->action_movein(65):goa(64)->slam_move(62):check(61)
->executor(376):executing(67)->action_movein(66):goa(65)->slam_move(63):check(62)
->executor(377):executing(68)->action_movein(67):goa(66)->slam_move(64):check(63)
->executor(378):executing(69)->action_movein(68):goa(67)->slam_move(65):check(64)
->executor(379):executing(70)->action_movein(69):goa(68)->slam_move(66):check(65)
->executor(380):executing(71)->action_movein(70):goa(69)->slam_move(67):check(66)
->executor(381):executing(72)->action_movein(71):goa(70)->slam_move(68):check(67)
->executor(382):executing(73)->action_movein(72):goa(71)->slam_move(69):check(68)
->executor(383):executing(74)->action_movein(73):goa(72)->slam_move(70):check(69)
->executor(384):executing(75)->action_movein(74):goa(73)->slam_move(71):check(70)
->executor(385):executing(76)->action_movein(75):goa(74)->slam_move(72):check(71)
->executor(386):executing(77)->action_movein(76):goa(75)->slam_move(73):check(72)
->executor(387):executing(78)->action_movein(77):goa(76)->slam_move(74):check(73)
->executor(388):executing(79)->action_movein(78):goa(77)->slam_move(75):check(74)
->executor(389):executing(80)->action_movein(79):goa(78)->slam_move(76):check(75)
->executor(390):executing(81)->action_movein(80):goa(79)->slam_move(77):check(76)
->executor(391):executing(82)->action_movein(81):goa(80)->slam_move(78):check(77)
->executor(392):executing(83)->action_movein(82):goa(81)->slam_move(79):check(78)
->executor(393):executing(84)->action_movein(83):goa(82)->slam_move(80):check(79)
->executor(394):executing(85)->action_movein(84):goa(83)->slam_move(81):check(80)
->executor(395):executing(86)->action_movein(85):goa(84)->slam_move(82):check(81)
->executor(396):executing(87)->action_movein(86):goa(85)->slam_move(83):check(82)
->executor(397):executing(88)->action_movein(87):goa(86)->slam_move(84):check(83)
->executor(398):executing(89)->action_movein(88):goa(87)->slam_move(85):check(84)
->executor(399):executing(90)->action_movein(89):goa(88)->slam_move(86):check(85)
->executor(400):executing(91)->action_movein(90):goa(89)->slam_move(87):check(86)
->executor(401):executing(92)->action_movein(91):goa(90)->slam_move(88):check(87)
->executor(402):executing(93)->action_movein(92):goa(91)->slam_move(89):check(88)
->executor(403):executing(94)->action_movein(93):goa(92)->slam_move(90):check(89)
->executor(404):executing(95)->action_movein(94):goa(93)->slam_move(91):check(90)
->executor(405):executing(96)->action_movein(95):goa(94)->slam_move(92):check(91)
->executor(406):executing(97)->action_movein(96):goa(95)->slam_move(93):check(92)
->executor(407):executing(98)->action_movein(97):goa(96)->slam_move(94):check(93)
->executor(408):executing(99)->action_movein(98):goa(97)->slam_move(95):check(94)
->executor(409):executing(100)->action_movein(99):goa(98)->slam_move(96):check(95)
->executor(410):executing(101)->action_movein(100):goa(99)->slam_move(97):check(96)
->executor(411):executing(102)->action_movein(101):goa(100)->slam_move(98):check(97)
->executor(412):executing(103)->action_movein(102):goa(101)->slam_move(99):check(98)
->executor(413):executing(104)->action_movein(103):goa(102)->slam_move(100):check(99)
->executor(414):executing(105)->action_movein(104):goa(103)->slam_move(101):check(100)
->executor(415):executing(106)->action_movein(105):goa(104)->slam_move(102):check(101)
->executor(416):executing(107)->action_movein(106):goa(105)->slam_move(103):check(102)
->executor(417):executing(108)->action_movein(107):goa(106)->slam_move(104):check(103)
->executor(418):executing(109)->action_movein(108):goa(107)->slam_move(105):check(104)
->executor(419):executing(110)->action_movein(109):goa(108)->slam_move(106):check(105)
->executor(420):executing(111)->action_movein(110):goa(109)->slam_move(107):check(106)
->executor(421):executing(112)->action_movein(111):goa(110)->slam_move(108):check(107)
->executor(422):executing(113)->action_movein(112):goa(111)->slam_move(109):check(108)
->executor(423):executing(114)->action_movein(113):goa(112)->slam_move(110):check(109)
->executor(424):executing(115)->action_movein(114):goa(113)->slam_move(111):check(110)
->executor(425):executing(116)->action_movein(115):goa(114)->slam_move(112):check(111)
->executor(426):executing(117)->action_movein(116):goa(115)->slam_move(113):check(112)
->executor(427):executing(118)->action_movein(117):goa(116)->slam_move(114):check(113)
->executor(428):executing(119)->action_movein(118):goa(117)->slam_move(115):check(114)
->executor(429):executing(120)->action_movein(119):goa(118)->slam_move(116):check(115)
->executor(430):executing(121)->action_movein(120):goa(119)->slam_move(117):check(116)
->executor(431):executing(122)->action_movein(121):goa(120)->slam_move(118):check(117)
->executor(432):executing(123)->action_movein(122):goa(121)->slam_move(119):check(118)
->executor(433):executing(124)->action_movein(123):goa(122)->slam_move(120):check(119)
->executor(434):executing(125)->action_movein(124):goa(123)->slam_move(121):check(120)
->executor(435):executing(126)->action_movein(125):goa(124)->slam_move(122):check(121)
->executor(436):executing(127)->action_movein(126):goa(125)->slam_move(123):check(122)
->executor(437):executing(128)->action_movein(127):goa(126)->slam_move(124):check(123)
->executor(438):executing(129)->action_movein(128):goa(127)->slam_move(125):check(124)
->executor(439):executing(130)->action_movein(129):goa(128)->slam_move(126):check(125)
->executor(440):executing(131)->action_movein(130):goa(129)->slam_move(127):check(126)
->executor(441):executing(132)->action_movein(131):goa(130)->slam_move(128):check(127)
Goal reached.
->executor(442):executing(133)->action_movein(132):goa(131)->slam_move(129):finish(0)
->executor(443):executing(134)->action_movein(133):gob(0)->slam_move(129):finish(0)
b living_room:living_room_kitchen [0.499 0.026 -3.142]
->executor(444):executing(135)->action_movein(134):gob(1)
->executor(445):executing(136)->action_movein(135):gob(2)
->executor(446):executing(137)->action_movein(136):gob(3)->rob_go_dist(1):godest(1)
->executor(447):executing(138)->action_movein(137):gob(4)->rob_go_dist(2):godest(2)
->executor(448):executing(139)->action_movein(138):gob(5)->rob_go_dist(3):godest(3)
->executor(449):executing(140)->action_movein(139):gob(6)->rob_go_dist(4):godest(4)
->executor(450):executing(141)->action_movein(140):gob(7)->rob_go_dist(5):godest(5)
->executor(451):executing(142)->action_movein(141):gob(8)->rob_go_dist(6):godest(6)
->executor(452):executing(143)->action_movein(142):gob(9)->rob_go_dist(7):godest(7)
->executor(453):executing(144)->action_movein(143):gob(10)->rob_go_dist(8):godest(8)
->executor(454):executing(145)->action_movein(144):gob(11)->rob_go_dist(9):godest(9)
->executor(455):executing(146)->action_movein(145):gob(12)->rob_go_dist(10):godest(10)
->executor(456):executing(147)->action_movein(146):gob(13)->rob_go_dist(11):godest(11)
->executor(457):executing(148)->action_movein(147):gob(14)->rob_go_dist(12):godest(12)
->executor(458):executing(149)->action_movein(148):gob(15)->rob_go_dist(13):godest(13)
->executor(459):executing(150)->action_movein(149):gob(16)->rob_go_dist(14):godest(14)
->executor(460):executing(151)->action_movein(150):gob(17)->rob_go_dist(15):godest(15)
->executor(461):executing(152)->action_movein(151):gob(18)->rob_go_dist(16):godest(16)
->executor(462):executing(153)->action_movein(152):gob(19)->rob_go_dist(17):godest(17)
->executor(463):executing(154)->action_movein(153):gob(20)->rob_go_dist(18):godest(18)
->executor(464):executing(155)->action_movein(154):gob(21)->rob_go_dist(19):godest(19)
->executor(465):executing(156)->action_movein(155):gob(22)->rob_go_dist(20):godest(20)
->executor(466):executing(157)->action_movein(156):gob(23)->rob_go_dist(21):godest(21)
->executor(467):executing(158)->action_movein(157):gob(24)->rob_go_dist(22):godest(22)
->executor(468):executing(159)->action_movein(158):gob(25)->rob_go_dist(23):godest(23)
->executor(469):executing(160)->action_movein(159):gob(26)->rob_go_dist(24):godest(24)
->executor(470):executing(161)->action_movein(160):gob(27)->rob_go_dist(25):stop(0)
->executor(471):executing(162)->action_movein(161):gob(28)->rob_go_dist(26):finish(0)
->executor(472):executing(163)->action_movein(162):finish(0)->rob_go_dist(26):finish(0)
->executor(473):result(0)->action_movein(162):finish(0)
action execution result: success
->executor(474):wait_action(0)
executor action: {"action": "moveTo(cupboard,kitchen)", "obj": null}
->executor(475):executing(0)
->executor(476):executing(1)
->executor(477):executing(2)->action_moveto(1):go(0)
->executor(478):executing(3)->action_moveto(2):go(1)
[-7.05, 3.525, 3.141592653589793, 1, 0, 1.1499999999999995]
->executor(479):executing(4)->action_moveto(3):go(2)
->executor(480):executing(5)->action_moveto(4):go(3)->slam_move(1):check(0)
->executor(481):executing(6)->action_moveto(5):go(4)->slam_move(2):check(1)
->executor(482):executing(7)->action_moveto(6):go(5)->slam_move(3):check(2)
->executor(483):executing(8)->action_moveto(7):go(6)->slam_move(4):check(3)
->executor(484):executing(9)->action_moveto(8):go(7)->slam_move(5):check(4)
->executor(485):executing(10)->action_moveto(9):go(8)->slam_move(6):check(5)
->executor(486):executing(11)->action_moveto(10):go(9)->slam_move(7):check(6)
->executor(487):executing(12)->action_moveto(11):go(10)->slam_move(8):check(7)
->executor(488):executing(13)->action_moveto(12):go(11)->slam_move(9):check(8)
->executor(489):executing(14)->action_moveto(13):go(12)->slam_move(10):check(9)
->executor(490):executing(15)->action_moveto(14):go(13)->slam_move(11):check(10)
->executor(491):executing(16)->action_moveto(15):go(14)->slam_move(12):check(11)
->executor(492):executing(17)->action_moveto(16):go(15)->slam_move(13):check(12)
->executor(493):executing(18)->action_moveto(17):go(16)->slam_move(14):check(13)
->executor(494):executing(19)->action_moveto(18):go(17)->slam_move(15):check(14)
->executor(495):executing(20)->action_moveto(19):go(18)->slam_move(16):check(15)
->executor(496):executing(21)->action_moveto(20):go(19)->slam_move(17):check(16)
->executor(497):executing(22)->action_moveto(21):go(20)->slam_move(18):check(17)
->executor(498):executing(23)->action_moveto(22):go(21)->slam_move(19):check(18)
->executor(499):executing(24)->action_moveto(23):go(22)->slam_move(20):check(19)
->executor(500):executing(25)->action_moveto(24):go(23)->slam_move(21):check(20)
->executor(501):executing(26)->action_moveto(25):go(24)->slam_move(22):check(21)
->executor(502):executing(27)->action_moveto(26):go(25)->slam_move(23):check(22)
->executor(503):executing(28)->action_moveto(27):go(26)->slam_move(24):check(23)
->executor(504):executing(29)->action_moveto(28):go(27)->slam_move(25):check(24)
->executor(505):executing(30)->action_moveto(29):go(28)->slam_move(26):check(25)
->executor(506):executing(31)->action_moveto(30):go(29)->slam_move(27):check(26)
->executor(507):executing(32)->action_moveto(31):go(30)->slam_move(28):check(27)
->executor(508):executing(33)->action_moveto(32):go(31)->slam_move(29):check(28)
->executor(509):executing(34)->action_moveto(33):go(32)->slam_move(30):check(29)
->executor(510):executing(35)->action_moveto(34):go(33)->slam_move(31):check(30)
->executor(511):executing(36)->action_moveto(35):go(34)->slam_move(32):check(31)
->executor(512):executing(37)->action_moveto(36):go(35)->slam_move(33):check(32)
->executor(513):executing(38)->action_moveto(37):go(36)->slam_move(34):check(33)
->executor(514):executing(39)->action_moveto(38):go(37)->slam_move(35):check(34)
->executor(515):executing(40)->action_moveto(39):go(38)->slam_move(36):check(35)
->executor(516):executing(41)->action_moveto(40):go(39)->slam_move(37):check(36)
->executor(517):executing(42)->action_moveto(41):go(40)->slam_move(38):check(37)
->executor(518):executing(43)->action_moveto(42):go(41)->slam_move(39):check(38)
->executor(519):executing(44)->action_moveto(43):go(42)->slam_move(40):check(39)
->executor(520):executing(45)->action_moveto(44):go(43)->slam_move(41):check(40)
->executor(521):executing(46)->action_moveto(45):go(44)->slam_move(42):check(41)
->executor(522):executing(47)->action_moveto(46):go(45)->slam_move(43):check(42)
->executor(523):executing(48)->action_moveto(47):go(46)->slam_move(44):check(43)
->executor(524):executing(49)->action_moveto(48):go(47)->slam_move(45):check(44)
->executor(525):executing(50)->action_moveto(49):go(48)->slam_move(46):check(45)
->executor(526):executing(51)->action_moveto(50):go(49)->slam_move(47):check(46)
->executor(527):executing(52)->action_moveto(51):go(50)->slam_move(48):check(47)
->executor(528):executing(53)->action_moveto(52):go(51)->slam_move(49):check(48)
->executor(529):executing(54)->action_moveto(53):go(52)->slam_move(50):check(49)
->executor(530):executing(55)->action_moveto(54):go(53)->slam_move(51):check(50)
->executor(531):executing(56)->action_moveto(55):go(54)->slam_move(52):check(51)
->executor(532):executing(57)->action_moveto(56):go(55)->slam_move(53):check(52)
->executor(533):executing(58)->action_moveto(57):go(56)->slam_move(54):check(53)
->executor(534):executing(59)->action_moveto(58):go(57)->slam_move(55):check(54)
->executor(535):executing(60)->action_moveto(59):go(58)->slam_move(56):check(55)
->executor(536):executing(61)->action_moveto(60):go(59)->slam_move(57):check(56)
->executor(537):executing(62)->action_moveto(61):go(60)->slam_move(58):check(57)
->executor(538):executing(63)->action_moveto(62):go(61)->slam_move(59):check(58)
->executor(539):executing(64)->action_moveto(63):go(62)->slam_move(60):check(59)
->executor(540):executing(65)->action_moveto(64):go(63)->slam_move(61):check(60)
->executor(541):executing(66)->action_moveto(65):go(64)->slam_move(62):check(61)
->executor(542):executing(67)->action_moveto(66):go(65)->slam_move(63):check(62)
->executor(543):executing(68)->action_moveto(67):go(66)->slam_move(64):check(63)
->executor(544):executing(69)->action_moveto(68):go(67)->slam_move(65):check(64)
->executor(545):executing(70)->action_moveto(69):go(68)->slam_move(66):check(65)
->executor(546):executing(71)->action_moveto(70):go(69)->slam_move(67):check(66)
->executor(547):executing(72)->action_moveto(71):go(70)->slam_move(68):check(67)
->executor(548):executing(73)->action_moveto(72):go(71)->slam_move(69):check(68)
->executor(549):executing(74)->action_moveto(73):go(72)->slam_move(70):check(69)
->executor(550):executing(75)->action_moveto(74):go(73)->slam_move(71):check(70)
->executor(551):executing(76)->action_moveto(75):go(74)->slam_move(72):check(71)
->executor(552):executing(77)->action_moveto(76):go(75)->slam_move(73):check(72)
->executor(553):executing(78)->action_moveto(77):go(76)->slam_move(74):check(73)
->executor(554):executing(79)->action_moveto(78):go(77)->slam_move(75):check(74)
->executor(555):executing(80)->action_moveto(79):go(78)->slam_move(76):check(75)
->executor(556):executing(81)->action_moveto(80):go(79)->slam_move(77):check(76)
->executor(557):executing(82)->action_moveto(81):go(80)->slam_move(78):check(77)
->executor(558):executing(83)->action_moveto(82):go(81)->slam_move(79):check(78)
->executor(559):executing(84)->action_moveto(83):go(82)->slam_move(80):check(79)
->executor(560):executing(85)->action_moveto(84):go(83)->slam_move(81):check(80)
->executor(561):executing(86)->action_moveto(85):go(84)->slam_move(82):check(81)
->executor(562):executing(87)->action_moveto(86):go(85)->slam_move(83):check(82)
->executor(563):executing(88)->action_moveto(87):go(86)->slam_move(84):check(83)
->executor(564):executing(89)->action_moveto(88):go(87)->slam_move(85):check(84)
->executor(565):executing(90)->action_moveto(89):go(88)->slam_move(86):check(85)
->executor(566):executing(91)->action_moveto(90):go(89)->slam_move(87):check(86)
->executor(567):executing(92)->action_moveto(91):go(90)->slam_move(88):check(87)
->executor(568):executing(93)->action_moveto(92):go(91)->slam_move(89):check(88)
->executor(569):executing(94)->action_moveto(93):go(92)->slam_move(90):check(89)
->executor(570):executing(95)->action_moveto(94):go(93)->slam_move(91):check(90)
->executor(571):executing(96)->action_moveto(95):go(94)->slam_move(92):check(91)
->executor(572):executing(97)->action_moveto(96):go(95)->slam_move(93):check(92)
->executor(573):executing(98)->action_moveto(97):go(96)->slam_move(94):check(93)
->executor(574):executing(99)->action_moveto(98):go(97)->slam_move(95):check(94)
->executor(575):executing(100)->action_moveto(99):go(98)->slam_move(96):check(95)
->executor(576):executing(101)->action_moveto(100):go(99)->slam_move(97):check(96)
->executor(577):executing(102)->action_moveto(101):go(100)->slam_move(98):check(97)
->executor(578):executing(103)->action_moveto(102):go(101)->slam_move(99):check(98)
->executor(579):executing(104)->action_moveto(103):go(102)->slam_move(100):check(99)
->executor(580):executing(105)->action_moveto(104):go(103)->slam_move(101):check(100)
->executor(581):executing(106)->action_moveto(105):go(104)->slam_move(102):check(101)
->executor(582):executing(107)->action_moveto(106):go(105)->slam_move(103):check(102)
->executor(583):executing(108)->action_moveto(107):go(106)->slam_move(104):check(103)
->executor(584):executing(109)->action_moveto(108):go(107)->slam_move(105):check(104)
->executor(585):executing(110)->action_moveto(109):go(108)->slam_move(106):check(105)
->executor(586):executing(111)->action_moveto(110):go(109)->slam_move(107):check(106)
->executor(587):executing(112)->action_moveto(111):go(110)->slam_move(108):check(107)
Goal reached.
->executor(588):executing(113)->action_moveto(112):go(111)->slam_move(109):finish(0)
->executor(589):executing(114)->action_moveto(113):finish(0)->slam_move(109):finish(0)
->executor(590):result(0)->action_moveto(113):finish(0)
action execution result: success
->executor(591):wait_action(0)
executor action: {"action": "pickup(beer1,cupboard,gripper)", "obj": null}
->executor(592):executing(0)
->executor(593):executing(1)
->executor(594):executing(2)->action_pickup(1):findobj(1)
->executor(595):executing(3)->action_pickup(2):findobj(2)->action_scan(1):init(2)
->executor(596):executing(4)->action_pickup(3):findobj(3)->action_scan(2):init(3)
->executor(597):executing(5)->action_pickup(4):findobj(4)->action_scan(3):init(4)
->executor(598):executing(6)->action_pickup(5):findobj(5)->action_scan(4):init(5)
->executor(599):executing(7)->action_pickup(6):findobj(6)->action_scan(5):init(6)
->executor(600):executing(8)->action_pickup(7):findobj(7)->action_scan(6):init(7)
->executor(601):executing(9)->action_pickup(8):findobj(8)->action_scan(7):init(8)
->executor(602):executing(10)->action_pickup(9):findobj(9)->action_scan(8):init(9)
->executor(603):executing(11)->action_pickup(10):findobj(10)->action_scan(9):scan(0)
->executor(604):executing(12)->action_pickup(11):findobj(11)->action_scan(10):scan(1)
->executor(605):executing(13)->action_pickup(12):findobj(12)->action_scan(11):scan(2)
->executor(606):executing(14)->action_pickup(13):findobj(13)->action_scan(12):scan(3)
->executor(607):executing(15)->action_pickup(14):findobj(14)->action_scan(13):scan(4)
->executor(608):executing(16)->action_pickup(15):findobj(15)->action_scan(14):scan(5)
->executor(609):executing(17)->action_pickup(16):findobj(16)->action_scan(15):scan(6)
->executor(610):executing(18)->action_pickup(17):findobj(17)->action_scan(16):scan(7)
->executor(611):executing(19)->action_pickup(18):findobj(18)->action_scan(17):scan(8)
->executor(612):executing(20)->action_pickup(19):findobj(19)->action_scan(18):scan(9)
->executor(613):executing(21)->action_pickup(20):findobj(20)->action_scan(19):scan(10)
->executor(614):executing(22)->action_pickup(21):findobj(21)->action_scan(20):scan(11)
->executor(615):executing(23)->action_pickup(22):findobj(22)->action_scan(21):scan(12)
->executor(616):executing(24)->action_pickup(23):findobj(23)->action_scan(22):scan(13)
->executor(617):executing(25)->action_pickup(24):findobj(24)->action_scan(23):scan(14)
->executor(618):executing(26)->action_pickup(25):findobj(25)->action_scan(24):findobj(0)
[{'pose': [-8.059999977492204, 3.71499986358185, 0.939959332372765, -0.0001310896616348009, -2.162828640088758e-05, 3.096696780996713e-12, 0.999999991173859], 'type': 'beer', 'name': 'beer1', 'size': [0.07, 0.07, 0.15]}, {'pose': [-8.021024293315351, 3.4100849671249076, 1.6565160042444493, 0.01596054210898405, 0.004563341594924703, -1.8875570944471414e-12, 0.9998622090113595], 'type': 'sticky_notes', 'name': 'sticky_notes1', 'size': [0.1, 0.1, 0.15]}, {'pose': [-8.035002573332243, 3.3189767613295165, 0.9379208376798346, -0.004994190008148829, 0.00022304598134955796, -0.0008461566387263821, 0.9999871460851862], 'type': 'coke', 'name': 'coke2', 'size': [0.08, 0.08, 0.12]}, {'pose': [-8.02200257333225, 3.143976761328611, 0.9379208376797984, -0.004994190165821238, 0.00022304596552533582, -0.000846156673039641, 0.9999871460843731], 'type': 'coke', 'name': 'coke1', 'size': [0.08, 0.08, 0.12]}, {'pose': [-8.1, 3.47, 0.0, 0.0, 0.0, 0.706825181105366, 0.7073882691671998], 'type': 'cupboard2', 'name': 'cupboard2', 'size': [0.1, 0.1, 0.15]}, {'pose': [-7.939182238171734, 3.7331288963922438, 1.6628054861118764, -0.016064226723427277, -0.022717278537091923, -2.909751065085852e-07, 0.9996128579983163], 'type': 'biscuits', 'name': 'biscuits1', 'size': [0.1, 0.1, 0.15]}, {'pose': [-7.994182238171733, 3.624128896392244, 1.6628054861118764, -0.016064226723427277, -0.022717278537091923, -2.9097510650858776e-07, 0.9996128579983163], 'type': 'biscuits', 'name': 'biscuits2', 'size': [0.1, 0.1, 0.15]}, {'pose': [-8.155761334219477, 3.2760746926851025, 1.6550030782215503, 0.0047807605797655145, -0.03987578345409276, 0.0002888348132141516, 0.9991931659076998], 'type': 'snacks', 'name': 'snacks1', 'size': [0.1, 0.1, 0.15]}, {'pose': [-8.210617848100656, 3.108088565907896, 1.6542295663292843, 0.013085220116845472, -0.047175706519310925, 0.00017789272637893036, 0.9988008800972672], 'type': 'snacks', 'name': 'snacks2', 'size': [0.1, 0.1, 0.15]}]
found beer1
found sticky_notes1
found coke2
found coke1
found cupboard2
found biscuits1
found biscuits2
found snacks1
found snacks2
->executor(619):executing(27)->action_pickup(26):findobj(26)->action_scan(25):publish(0)
->executor(620):executing(28)->action_pickup(27):findobj(27)->action_scan(26):publish(1)
->executor(621):executing(29)->action_pickup(28):findobj(28)->action_scan(27):publish(2)
->executor(622):executing(30)->action_pickup(29):findobj(29)->action_scan(28):publish(3)
->executor(623):executing(31)->action_pickup(30):findobj(30)->action_scan(29):publish(4)
->executor(624):executing(32)->action_pickup(31):findobj(31)->action_scan(30):publish(5)
->executor(625):executing(33)->action_pickup(32):findobj(32)->action_scan(31):publish(6)
->executor(626):executing(34)->action_pickup(33):findobj(33)->action_scan(32):publish(7)
->executor(627):executing(35)->action_pickup(34):findobj(34)->action_scan(33):publish(8)
->executor(628):executing(36)->action_pickup(35):findobj(35)->action_scan(34):publish(9)
->executor(629):executing(37)->action_pickup(36):findobj(36)->action_scan(35):finish(0)
found {'pose': [-8.059999977492204, 3.71499986358185, 0.939959332372765, -0.0001310896616348009, -2.162828640088758e-05, 3.096696780996713e-12, 0.999999991173859], 'type': 'beer', 'name': 'beer1', 'size': [0.07, 0.07, 0.15]}
->executor(630):executing(38)->action_pickup(37):prepose(0)->action_scan(35):finish(0)
dist: 0.166
->executor(631):executing(39)->action_pickup(38):pickup(0)
0.06
(2.4322687082742367e-05, 4.964572322561302e-07)
->executor(632):executing(40)->action_pickup(39):pickup(1)
->executor(633):executing(41)->action_pickup(40):pickup(2)->blind_fetch(1):blind_move(1)
turn dist: -0.361517
[-0.36151727282674523, 0.8]
->executor(634):executing(42)->action_pickup(41):pickup(3)->blind_fetch(2):blind_move(2)->rob_blind_move(1):turn(1)
->executor(635):executing(43)->action_pickup(42):pickup(4)->blind_fetch(3):blind_move(3)->rob_blind_move(2):turn(2)->rob_turn_dist(1):turndest(1)
->executor(636):executing(44)->action_pickup(43):pickup(5)->blind_fetch(4):blind_move(4)->rob_blind_move(3):turn(3)->rob_turn_dist(2):turndest(2)
->executor(637):executing(45)->action_pickup(44):pickup(6)->blind_fetch(5):blind_move(5)->rob_blind_move(4):turn(4)->rob_turn_dist(3):turndest(3)
->executor(638):executing(46)->action_pickup(45):pickup(7)->blind_fetch(6):blind_move(6)->rob_blind_move(5):turn(5)->rob_turn_dist(4):turndest(4)
->executor(639):executing(47)->action_pickup(46):pickup(8)->blind_fetch(7):blind_move(7)->rob_blind_move(6):turn(6)->rob_turn_dist(5):turndest(5)
->executor(640):executing(48)->action_pickup(47):pickup(9)->blind_fetch(8):blind_move(8)->rob_blind_move(7):turn(7)->rob_turn_dist(6):turndest(6)
->executor(641):executing(49)->action_pickup(48):pickup(10)->blind_fetch(9):blind_move(9)->rob_blind_move(8):turn(8)->rob_turn_dist(7):turndest(7)
->executor(642):executing(50)->action_pickup(49):pickup(11)->blind_fetch(10):blind_move(10)->rob_blind_move(9):turn(9)->rob_turn_dist(8):turndest(8)
->executor(643):executing(51)->action_pickup(50):pickup(12)->blind_fetch(11):blind_move(11)->rob_blind_move(10):turn(10)->rob_turn_dist(9):turndest(9)
->executor(644):executing(52)->action_pickup(51):pickup(13)->blind_fetch(12):blind_move(12)->rob_blind_move(11):turn(11)->rob_turn_dist(10):turndest(10)
->executor(645):executing(53)->action_pickup(52):pickup(14)->blind_fetch(13):blind_move(13)->rob_blind_move(12):turn(12)->rob_turn_dist(11):turndest(11)
->executor(646):executing(54)->action_pickup(53):pickup(15)->blind_fetch(14):blind_move(14)->rob_blind_move(13):turn(13)->rob_turn_dist(12):turndest(12)
->executor(647):executing(55)->action_pickup(54):pickup(16)->blind_fetch(15):blind_move(15)->rob_blind_move(14):turn(14)->rob_turn_dist(13):turndest(13)
->executor(648):executing(56)->action_pickup(55):pickup(17)->blind_fetch(16):blind_move(16)->rob_blind_move(15):turn(15)->rob_turn_dist(14):turndest(14)
->executor(649):executing(57)->action_pickup(56):pickup(18)->blind_fetch(17):blind_move(17)->rob_blind_move(16):turn(16)->rob_turn_dist(15):turndest(15)
->executor(650):executing(58)->action_pickup(57):pickup(19)->blind_fetch(18):blind_move(18)->rob_blind_move(17):turn(17)->rob_turn_dist(16):turndest(16)
->executor(651):executing(59)->action_pickup(58):pickup(20)->blind_fetch(19):blind_move(19)->rob_blind_move(18):turn(18)->rob_turn_dist(17):turndest(17)
->executor(652):executing(60)->action_pickup(59):pickup(21)->blind_fetch(20):blind_move(20)->rob_blind_move(19):turn(19)->rob_turn_dist(18):turndest(18)
->executor(653):executing(61)->action_pickup(60):pickup(22)->blind_fetch(21):blind_move(21)->rob_blind_move(20):turn(20)->rob_turn_dist(19):turndest(19)
->executor(654):executing(62)->action_pickup(61):pickup(23)->blind_fetch(22):blind_move(22)->rob_blind_move(21):turn(21)->rob_turn_dist(20):turndest(20)
->executor(655):executing(63)->action_pickup(62):pickup(24)->blind_fetch(23):blind_move(23)->rob_blind_move(22):turn(22)->rob_turn_dist(21):turndest(21)
->executor(656):executing(64)->action_pickup(63):pickup(25)->blind_fetch(24):blind_move(24)->rob_blind_move(23):turn(23)->rob_turn_dist(22):turndest(22)
->executor(657):executing(65)->action_pickup(64):pickup(26)->blind_fetch(25):blind_move(25)->rob_blind_move(24):turn(24)->rob_turn_dist(23):turndest(23)
->executor(658):executing(66)->action_pickup(65):pickup(27)->blind_fetch(26):blind_move(26)->rob_blind_move(25):turn(25)->rob_turn_dist(24):turndest(24)
->executor(659):executing(67)->action_pickup(66):pickup(28)->blind_fetch(27):blind_move(27)->rob_blind_move(26):turn(26)->rob_turn_dist(25):stop(0)
->executor(660):executing(68)->action_pickup(67):pickup(29)->blind_fetch(28):blind_move(28)->rob_blind_move(27):turn(27)->rob_turn_dist(26):finish(0)
->executor(661):executing(69)->action_pickup(68):pickup(30)->blind_fetch(29):blind_move(29)->rob_blind_move(28):move(0)->rob_turn_dist(26):finish(0)
go dist: 0.083214
->executor(662):executing(70)->action_pickup(69):pickup(31)->blind_fetch(30):blind_move(30)->rob_blind_move(29):move(1)
->executor(663):executing(71)->action_pickup(70):pickup(32)->blind_fetch(31):blind_move(31)->rob_blind_move(30):move(2)->rob_go_dist(1):godest(1)
->executor(664):executing(72)->action_pickup(71):pickup(33)->blind_fetch(32):blind_move(32)->rob_blind_move(31):move(3)->rob_go_dist(2):godest(2)
->executor(665):executing(73)->action_pickup(72):pickup(34)->blind_fetch(33):blind_move(33)->rob_blind_move(32):move(4)->rob_go_dist(3):godest(3)
->executor(666):executing(74)->action_pickup(73):pickup(35)->blind_fetch(34):blind_move(34)->rob_blind_move(33):move(5)->rob_go_dist(4):godest(4)
->executor(667):executing(75)->action_pickup(74):pickup(36)->blind_fetch(35):blind_move(35)->rob_blind_move(34):move(6)->rob_go_dist(5):godest(5)
->executor(668):executing(76)->action_pickup(75):pickup(37)->blind_fetch(36):blind_move(36)->rob_blind_move(35):move(7)->rob_go_dist(6):godest(6)
->executor(669):executing(77)->action_pickup(76):pickup(38)->blind_fetch(37):blind_move(37)->rob_blind_move(36):move(8)->rob_go_dist(7):godest(7)
->executor(670):executing(78)->action_pickup(77):pickup(39)->blind_fetch(38):blind_move(38)->rob_blind_move(37):move(9)->rob_go_dist(8):godest(8)
->executor(671):executing(79)->action_pickup(78):pickup(40)->blind_fetch(39):blind_move(39)->rob_blind_move(38):move(10)->rob_go_dist(9):stop(0)
->executor(672):executing(80)->action_pickup(79):pickup(41)->blind_fetch(40):blind_move(40)->rob_blind_move(39):move(11)->rob_go_dist(10):finish(0)
->executor(673):executing(81)->action_pickup(80):pickup(42)->blind_fetch(41):blind_move(41)->rob_blind_move(40):finish(0)->rob_go_dist(10):finish(0)
blind move dist 0.083
->executor(674):executing(82)->action_pickup(81):pickup(43)->blind_fetch(42):init_ev(0)->rob_blind_move(40):finish(0)
->executor(675):executing(83)->action_pickup(82):pickup(44)->blind_fetch(43):init_ev(1)
->executor(676):executing(84)->action_pickup(83):pickup(45)->blind_fetch(44):init_ev(2)->rob_move_ev(1):check(0)
->executor(677):executing(85)->action_pickup(84):pickup(46)->blind_fetch(45):init_ev(3)->rob_move_ev(2):check(1)
->executor(678):executing(86)->action_pickup(85):pickup(47)->blind_fetch(46):init_ev(4)->rob_move_ev(3):check(2)
->executor(679):executing(87)->action_pickup(86):pickup(48)->blind_fetch(47):init_ev(5)->rob_move_ev(4):check(3)
->executor(680):executing(88)->action_pickup(87):pickup(49)->blind_fetch(48):init_ev(6)->rob_move_ev(5):check(4)
->executor(681):executing(89)->action_pickup(88):pickup(50)->blind_fetch(49):init_ev(7)->rob_move_ev(6):check(5)
->executor(682):executing(90)->action_pickup(89):pickup(51)->blind_fetch(50):init_ev(8)->rob_move_ev(7):finish(0)
->executor(683):executing(91)->action_pickup(90):pickup(52)->blind_fetch(51):wait(0)->rob_move_ev(7):finish(0)
objinbase: [0.899, -0.037, 1.015]
->executor(684):executing(92)->action_pickup(91):pickup(53)->blind_fetch(52):wait(1)
objinbase: [0.899, -0.037, 1.015]
->executor(685):executing(93)->action_pickup(92):pickup(54)->blind_fetch(53):wait(2)
objinbase: [0.899, -0.037, 1.015]
->executor(686):executing(94)->action_pickup(93):pickup(55)->blind_fetch(54):wait(3)
objinbase: [0.899, -0.037, 1.015]
->executor(687):executing(95)->action_pickup(94):pickup(56)->blind_fetch(55):wait(4)
objinbase: [0.899, -0.037, 1.015]
->executor(688):executing(96)->action_pickup(95):pickup(57)->blind_fetch(56):wait(5)
objinbase: [0.899, -0.037, 1.015]
->executor(689):executing(97)->action_pickup(96):pickup(58)->blind_fetch(57):wait(6)
objinbase: [0.899, -0.037, 1.015]
->executor(690):executing(98)->action_pickup(97):pickup(59)->blind_fetch(58):wait(7)
objinbase: [0.899, -0.037, 1.015]
->executor(691):executing(99)->action_pickup(98):pickup(60)->blind_fetch(59):wait(8)
objinbase: [0.899, -0.037, 1.015]
->executor(692):executing(100)->action_pickup(99):pickup(61)->blind_fetch(60):wait(9)
objinbase: [0.899, -0.037, 1.015]
->executor(693):executing(101)->action_pickup(100):pickup(62)->blind_fetch(61):wait(10)
objinbase: [0.899, -0.037, 1.015]
->executor(694):executing(102)->action_pickup(101):pickup(63)->blind_fetch(62):wait(11)
objinbase: [0.899, -0.037, 1.015]
->executor(695):executing(103)->action_pickup(102):pickup(64)->blind_fetch(63):wait(12)
objinbase: [0.899, -0.037, 1.015]
->executor(696):executing(104)->action_pickup(103):pickup(65)->blind_fetch(64):wait(13)
objinbase: [0.899, -0.037, 1.015]
->executor(697):executing(105)->action_pickup(104):pickup(66)->blind_fetch(65):wait(14)
objinbase: [0.899, -0.037, 1.015]
->executor(698):executing(106)->action_pickup(105):pickup(67)->blind_fetch(66):wait(15)
->executor(699):executing(107)->action_pickup(106):pickup(68)->blind_fetch(67):calc(0)
ev: -0.000, objinbase:[0.899 -0.037 1.015], arm: [0.215 0.000 1.180]
ev: -0.000, objinarm:[0.484 -0.037 -0.165], arm: [0.215 0.000 1.180]
angles: [-4.388 6.812 95.137 -11.949 0]
->executor(700):executing(108)->action_pickup(107):pickup(69)->blind_fetch(68):open_paw(0)
->executor(701):executing(109)->action_pickup(108):pickup(70)->blind_fetch(69):open_paw(1)
->executor(702):executing(110)->action_pickup(109):pickup(71)->blind_fetch(70):open_paw(2)
->executor(703):executing(111)->action_pickup(110):pickup(72)->blind_fetch(71):open_paw(3)
->executor(704):executing(112)->action_pickup(111):pickup(73)->blind_fetch(72):open_paw(4)
->executor(705):executing(113)->action_pickup(112):pickup(74)->blind_fetch(73):open_paw(5)
->executor(706):executing(114)->action_pickup(113):pickup(75)->blind_fetch(74):open_paw(6)
->executor(707):executing(115)->action_pickup(114):pickup(76)->blind_fetch(75):open_paw(7)
